<?xml version="1.0" encoding="UTF-8"?>
<testng-results ignored="0" total="1" passed="1" failed="0" skipped="0">
  <reporter-output>
  </reporter-output>
  <suite started-at="2023-12-13T09:14:46 IST" name="Default suite" finished-at="2023-12-13T09:14:52 IST" duration-ms="6362">
    <groups>
    </groups>
    <test started-at="2023-12-13T09:14:46 IST" name="Default test" finished-at="2023-12-13T09:14:52 IST" duration-ms="6362">
      <class name="com.rahulshettyacademy.moolya.testcases.EndToEndTesting">
        <test-method is-config="true" signature="executeBeforeMethod()[pri:0, instance:com.rahulshettyacademy.moolya.testcases.EndToEndTesting@50eac852]" started-at="2023-12-13T09:14:46 IST" name="executeBeforeMethod" finished-at="2023-12-13T09:14:51 IST" duration-ms="5057" status="PASS">
          <reporter-output>
          </reporter-output>
        </test-method> <!-- executeBeforeMethod -->
        <test-method signature="endToEndTesting()[pri:0, instance:com.rahulshettyacademy.moolya.testcases.EndToEndTesting@50eac852]" started-at="2023-12-13T09:14:51 IST" name="endToEndTesting" finished-at="2023-12-13T09:14:52 IST" duration-ms="1267" status="PASS">
          <reporter-output>
          </reporter-output>
        </test-method> <!-- endToEndTesting -->
      </class> <!-- com.rahulshettyacademy.moolya.testcases.EndToEndTesting -->
    </test> <!-- Default test -->
  </suite> <!-- Default suite -->
</testng-results>
